SF:dist/<define:DATA>
FNF:0
FNH:0
DA:1,1
LF:1
LH:1
BRF:0
BRH:0
end_of_record
TN:
SF:index.js
FNF:0
FNH:0
DA:1,1
DA:2,1
LF:2
LH:2
BRF:0
BRH:0
end_of_record
TN:
SF:lib/run.js
FN:2,(anonymous_0)
FN:7,(anonymous_1)
FN:16,(anonymous_2)
FN:25,(anonymous_3)
FN:30,(anonymous_4)
FN:34,(anonymous_5)
FNF:6
FNH:5
FNDA:1,(anonymous_0)
FNDA:2,(anonymous_1)
FNDA:2,(anonymous_2)
FNDA:1,(anonymous_3)
FNDA:1,(anonymous_4)
FNDA:0,(anonymous_5)
DA:1,1
DA:4,1
DA:10,2
DA:11,2
DA:13,18446744073709551615
DA:17,2
DA:18,2
DA:20,2
DA:22,2
DA:26,1
DA:27,1
DA:31,1
DA:35,0
DA:39,1
LF:14
LH:13
BRDA:10,0,0,1
BRDA:10,0,1,1
BRDA:10,1,0,0
BRDA:10,1,1,1
BRDA:11,2,0,1
BRDA:11,2,1,1
BRDA:20,3,0,1
BRDA:20,3,1,1
BRF:8
BRH:7
end_of_record
