<?xml version="1.0" ?>
<coverage branch-rate="0.4" branches-covered="4" branches-valid="9" complexity="0" line-rate="0.8333" lines-covered="5" lines-valid="6" timestamp="1755000000" version="7.6.1">
	<!-- Generated by coverage.py: https://coverage.readthedocs.io -->
	<!-- Based on https://raw.githubusercontent.com/cobertura/web/master/htdocs/xml/coverage-04.dtd -->
	<sources>
		<source>/home/runner/project</source>
	</sources>
	<packages>
		<package branch-rate="0.4" complexity="0" line-rate="0.8333" name="src">
			<classes>
				<class branch-rate="0.4" complexity="0" filename="src/branchy.py" line-rate="0.8333" name="branchy.py">
					<methods/>
					<lines>
						<line hits="1" number="1"/>
						<line branch="true" condition-coverage="50% (1/2)" hits="1" missing-branches="6" number="4"/>
						<line hits="1" number="6"/>
						<line branch="true" condition-coverage="100% (2/2)" hits="3" number="8"/>
						<line branch="true" condition-coverage="0% (0/2)" hits="0" missing-branches="11,13" number="10"/>
						<line branch="true" condition-coverage="33% (1/3)" hits="2" missing-branches="14,16" number="12"/>
					</lines>
				</class>
			</classes>
		</package>
	</packages>
</coverage>
