mode: set
github.com/evilmartians/lefthook/v2/internal/log/log.go:47.20,58.2 1 1
github.com/evilmartians/lefthook/internal/log/log.go:60.21,62.2 1 0
github.com/evilmartians/lefthook/internal/log/log.go:64.20,66.2 1 0
github.com/evilmartians/lefthook/internal/log/log.go:68.33,71.2 2 0
github.com/evilmartians/lefthook/internal/log/log.go:73.49,75.2 1 0
github.com/evilmartians/lefthook/internal/log/log.go:77.32,79.2 1 0
github.com/evilmartians/lefthook/internal/log/log.go:81.48,83.2 1 0
github.com/evilmartians/lefthook/internal/log/log.go:85.33,88.2 2 0
github.com/evilmartians/lefthook/internal/log/log.go:90.49,92.2 1 0
github.com/evilmartians/lefthook/internal/log/log.go:94.32,97.2 2 0
github.com/evilmartians/lefthook/internal/log/log.go:99.48,101.2 1 0
github.com/evilmartians/lefthook/internal/log/log.go:103.35,105.2 1 0
github.com/evilmartians/lefthook/internal/log/log.go:107.49,109.2 1 0
github.com/evilmartians/lefthook/internal/log/log.go:111.28,113.2 1 0
github.com/evilmartians/lefthook/internal/log/log.go:115.29,117.2 1 0
github.com/evilmartians/lefthook/internal/log/log.go:119.28,121.2 1 0
github.com/evilmartians/lefthook/internal/log/log.go:123.29,125.2 1 0
github.com/evilmartians/lefthook/internal/log/log.go:127.27,129.2 1 0
github.com/evilmartians/lefthook/internal/log/log.go:131.30,133.2 1 0
github.com/evilmartians/lefthook/internal/log/log.go:135.28,137.2 1 0
github.com/evilmartians/lefthook/internal/log/log.go:139.28,141.2 1 0
github.com/evilmartians/lefthook/internal/log/log.go:143.45,144.17 1 0
github.com/evilmartians/lefthook/internal/log/log.go:148.2,148.66 1 0
github.com/evilmartians/lefthook/internal/log/log.go:144.17,146.3 1 0
github.com/evilmartians/lefthook/internal/log/log.go:151.31,153.2 1 0
github.com/evilmartians/lefthook/internal/log/log.go:155.44,156.30 1 0
github.com/evilmartians/lefthook/internal/log/log.go:165.2,166.52 2 0
github.com/evilmartians/lefthook/internal/log/log.go:157.15,158.25 1 0
github.com/evilmartians/lefthook/internal/log/log.go:159.14,160.24 1 0
github.com/evilmartians/lefthook/internal/log/log.go:161.15,162.25 1 0
github.com/evilmartians/lefthook/internal/log/log.go:169.40,173.2 3 0
github.com/evilmartians/lefthook/internal/log/log.go:175.43,179.2 3 0
github.com/evilmartians/lefthook/internal/log/log.go:181.44,183.2 1 0
github.com/evilmartians/lefthook/internal/log/log.go:185.45,187.2 1 0
github.com/evilmartians/lefthook/internal/log/log.go:189.45,191.2 1 0
github.com/evilmartians/lefthook/internal/log/log.go:193.44,195.2 1 0
github.com/evilmartians/lefthook/internal/log/log.go:197.60,199.2 1 0
github.com/evilmartians/lefthook/internal/log/log.go:201.61,203.2 1 0
github.com/evilmartians/lefthook/internal/log/log.go:205.61,207.2 1 0
github.com/evilmartians/lefthook/internal/log/log.go:209.60,211.2 1 0
github.com/evilmartians/lefthook/internal/log/log.go:213.56,214.29 1 0
github.com/evilmartians/lefthook/internal/log/log.go:214.29,216.3 1 0
github.com/evilmartians/lefthook/internal/log/log.go:219.27,221.2 1 0
github.com/evilmartians/lefthook/internal/log/log.go:223.29,225.2 1 0
github.com/evilmartians/lefthook/internal/log/log.go:227.39,231.24 3 0
github.com/evilmartians/lefthook/internal/log/log.go:236.2,237.84 2 0
github.com/evilmartians/lefthook/internal/log/log.go:231.24,234.3 2 0
github.com/evilmartians/lefthook/internal/log/log.go:240.41,244.24 3 0
github.com/evilmartians/lefthook/internal/log/log.go:249.2,250.28 2 0
github.com/evilmartians/lefthook/internal/log/log.go:256.2,258.23 2 0
github.com/evilmartians/lefthook/internal/log/log.go:244.24,247.3 2 0
github.com/evilmartians/lefthook/internal/log/log.go:250.28,251.16 1 0
github.com/evilmartians/lefthook/internal/log/log.go:251.16,253.4 1 0
github.com/evilmartians/lefthook/internal/log/log.go:258.23,260.3 1 0
github.com/evilmartians/lefthook/internal/log/log.go:260.8,262.3 1 0
github.com/evilmartians/lefthook/internal/log/log.go:265.72,266.29 1 0
github.com/evilmartians/lefthook/internal/log/log.go:266.29,268.3 1 0
github.com/evilmartians/lefthook/internal/log/log.go:271.47,275.24 3 0
github.com/evilmartians/lefthook/internal/log/log.go:280.2,280.37 1 0
github.com/evilmartians/lefthook/internal/log/log.go:275.24,278.3 2 0
github.com/evilmartians/lefthook/internal/log/log.go:283.61,287.24 3 0
github.com/evilmartians/lefthook/internal/log/log.go:292.2,292.44 1 0
github.com/evilmartians/lefthook/internal/log/log.go:287.24,290.3 2 0
github.com/evilmartians/lefthook/internal/log/log.go:295.51,297.2 1 0
github.com/evilmartians/lefthook/internal/log/skip_settings.go:13.53,14.17 1 1
github.com/evilmartians/lefthook/internal/log/skip_settings.go:15.14,16.17 1 1
github.com/evilmartians/lefthook/internal/log/skip_settings.go:17.17,18.20 1 1
github.com/evilmartians/lefthook/internal/log/skip_settings.go:19.17,20.20 1 1
github.com/evilmartians/lefthook/internal/log/skip_settings.go:21.17,22.20 1 1
github.com/evilmartians/lefthook/internal/log/skip_settings.go:23.19,24.22 1 1
github.com/evilmartians/lefthook/internal/log/skip_settings.go:28.42,30.2 1 1
github.com/evilmartians/lefthook/internal/log/skip_settings.go:32.42,34.2 1 1
github.com/evilmartians/lefthook/internal/log/skip_settings.go:36.42,38.2 1 1
github.com/evilmartians/lefthook/internal/log/skip_settings.go:40.39,42.2 1 1
github.com/evilmartians/lefthook/internal/log/skip_settings.go:44.44,46.2 1 1
github.com/evilmartians/lefthook/internal/log/skip_settings.go:48.48,50.2 1 1
github.com/evilmartians/lefthook/internal/git/exec.go:23.26,25.2 1 0
github.com/evilmartians/lefthook/internal/git/exec.go:28.50,31.2 2 0
github.com/evilmartians/lefthook/internal/git/exec.go:34.57,36.16 2 0
github.com/evilmartians/lefthook/internal/git/exec.go:40.2,40.38 1 0
github.com/evilmartians/lefthook/internal/git/exec.go:36.16,38.3 1 0
github.com/evilmartians/lefthook/internal/git/exec.go:44.58,46.16 2 0
github.com/evilmartians/lefthook/internal/git/exec.go:50.2,50.36 1 0
github.com/evilmartians/lefthook/internal/git/exec.go:46.16,48.3 1 0
github.com/evilmartians/lefthook/internal/git/exec.go:54.53,56.31 2 0
github.com/evilmartians/lefthook/internal/git/exec.go:62.2,62.31 1 0
github.com/evilmartians/lefthook/internal/git/exec.go:56.31,58.3 1 0
github.com/evilmartians/lefthook/internal/git/exec.go:58.8,60.3 1 0
github.com/evilmartians/lefthook/internal/git/exec.go:67.62,76.16 7 0
github.com/evilmartians/lefthook/internal/git/exec.go:80.2,80.25 1 0
github.com/evilmartians/lefthook/internal/git/exec.go:76.16,78.3 1 0
github.com/evilmartians/lefthook/internal/git/lfs.go:20.28,24.2 2 0
github.com/evilmartians/lefthook/internal/git/lfs.go:27.38,28.39 1 0
github.com/evilmartians/lefthook/internal/git/lfs.go:34.2,34.14 1 0
github.com/evilmartians/lefthook/internal/git/lfs.go:28.39,29.30 1 0
github.com/evilmartians/lefthook/internal/git/lfs.go:29.30,31.4 1 0
github.com/evilmartians/lefthook/internal/git/remote.go:19.54,26.2 1 0
github.com/evilmartians/lefthook/internal/git/remote.go:29.45,31.2 1 0
github.com/evilmartians/lefthook/internal/git/remote.go:36.56,40.48 3 0
github.com/evilmartians/lefthook/internal/git/remote.go:44.2,52.16 3 0
github.com/evilmartians/lefthook/internal/git/remote.go:60.2,60.61 1 0
github.com/evilmartians/lefthook/internal/git/remote.go:64.2,64.12 1 0
github.com/evilmartians/lefthook/internal/git/remote.go:40.48,42.3 1 0
github.com/evilmartians/lefthook/internal/git/remote.go:52.16,53.57 1 0
github.com/evilmartians/lefthook/internal/git/remote.go:57.3,57.13 1 0
github.com/evilmartians/lefthook/internal/git/remote.go:53.57,55.4 1 0
github.com/evilmartians/lefthook/internal/git/remote.go:60.61,62.3 1 0
github.com/evilmartians/lefthook/internal/git/remote.go:67.59,70.19 2 0
github.com/evilmartians/lefthook/internal/git/remote.go:92.2,92.12 1 0
github.com/evilmartians/lefthook/internal/git/remote.go:70.19,75.17 2 0
github.com/evilmartians/lefthook/internal/git/remote.go:79.3,82.17 2 0
github.com/evilmartians/lefthook/internal/git/remote.go:75.17,77.4 1 0
github.com/evilmartians/lefthook/internal/git/remote.go:82.17,84.4 1 0
github.com/evilmartians/lefthook/internal/git/remote.go:85.8,87.17 2 0
github.com/evilmartians/lefthook/internal/git/remote.go:87.17,89.4 1 0
github.com/evilmartians/lefthook/internal/git/remote.go:95.63,99.18 3 0
github.com/evilmartians/lefthook/internal/git/remote.go:102.2,105.16 3 0
github.com/evilmartians/lefthook/internal/git/remote.go:109.2,109.12 1 0
github.com/evilmartians/lefthook/internal/git/remote.go:99.18,101.3 1 0
github.com/evilmartians/lefthook/internal/git/remote.go:105.16,107.3 1 0
github.com/evilmartians/lefthook/internal/git/repository.go:47.64,49.16 2 0
github.com/evilmartians/lefthook/internal/git/repository.go:53.2,54.16 2 0
github.com/evilmartians/lefthook/internal/git/repository.go:57.2,57.82 1 0
github.com/evilmartians/lefthook/internal/git/repository.go:61.2,62.16 2 0
github.com/evilmartians/lefthook/internal/git/repository.go:65.2,66.57 2 0
github.com/evilmartians/lefthook/internal/git/repository.go:73.2,74.16 2 0
github.com/evilmartians/lefthook/internal/git/repository.go:77.2,77.30 1 0
github.com/evilmartians/lefthook/internal/git/repository.go:81.2,89.8 1 0
github.com/evilmartians/lefthook/internal/git/repository.go:49.16,51.3 1 0
github.com/evilmartians/lefthook/internal/git/repository.go:54.16,56.3 1 0
github.com/evilmartians/lefthook/internal/git/repository.go:57.82,59.3 1 0
github.com/evilmartians/lefthook/internal/git/repository.go:62.16,64.3 1 0
github.com/evilmartians/lefthook/internal/git/repository.go:66.57,68.17 2 0
github.com/evilmartians/lefthook/internal/git/repository.go:68.17,70.4 1 0
github.com/evilmartians/lefthook/internal/git/repository.go:74.16,76.3 1 0
github.com/evilmartians/lefthook/internal/git/repository.go:77.30,79.3 1 0
github.com/evilmartians/lefthook/internal/git/repository.go:94.54,96.2 1 0
github.com/evilmartians/lefthook/internal/git/repository.go:100.51,102.2 1 0
github.com/evilmartians/lefthook/internal/git/repository.go:106.52,108.16 2 0
github.com/evilmartians/lefthook/internal/git/repository.go:112.2,112.28 1 0
github.com/evilmartians/lefthook/internal/git/repository.go:127.2,127.70 1 0
github.com/evilmartians/lefthook/internal/git/repository.go:108.16,110.3 1 0
github.com/evilmartians/lefthook/internal/git/repository.go:112.28,114.17 2 0
github.com/evilmartians/lefthook/internal/git/repository.go:117.3,117.35 1 0
github.com/evilmartians/lefthook/internal/git/repository.go:114.17,116.4 1 0
github.com/evilmartians/lefthook/internal/git/repository.go:117.35,118.45 1 0
github.com/evilmartians/lefthook/internal/git/repository.go:122.4,124.9 3 0
github.com/evilmartians/lefthook/internal/git/repository.go:118.45,119.13 1 0
github.com/evilmartians/lefthook/internal/git/repository.go:133.63,135.16 2 1
github.com/evilmartians/lefthook/internal/git/repository.go:139.2,141.29 2 1
github.com/evilmartians/lefthook/internal/git/repository.go:160.2,160.29 1 1
github.com/evilmartians/lefthook/internal/git/repository.go:135.16,137.3 1 0
github.com/evilmartians/lefthook/internal/git/repository.go:141.29,142.31 1 1
github.com/evilmartians/lefthook/internal/git/repository.go:146.3,151.16 5 1
github.com/evilmartians/lefthook/internal/git/repository.go:155.3,155.100 1 1
github.com/evilmartians/lefthook/internal/git/repository.go:142.31,143.12 1 0
github.com/evilmartians/lefthook/internal/git/repository.go:151.16,153.4 1 1
github.com/evilmartians/lefthook/internal/git/repository.go:155.100,157.4 1 1
github.com/evilmartians/lefthook/internal/git/repository.go:163.57,183.2 2 0
github.com/evilmartians/lefthook/internal/git/repository.go:185.57,196.2 2 0
github.com/evilmartians/lefthook/internal/git/repository.go:198.46,199.59 1 0
github.com/evilmartians/lefthook/internal/git/repository.go:203.2,213.16 2 0
github.com/evilmartians/lefthook/internal/git/repository.go:217.2,217.12 1 0
github.com/evilmartians/lefthook/internal/git/repository.go:199.59,201.3 1 0
github.com/evilmartians/lefthook/internal/git/repository.go:213.16,215.3 1 0
github.com/evilmartians/lefthook/internal/git/repository.go:220.44,222.16 2 0
github.com/evilmartians/lefthook/internal/git/repository.go:226.2,235.16 2 0
github.com/evilmartians/lefthook/internal/git/repository.go:239.2,239.12 1 0
github.com/evilmartians/lefthook/internal/git/repository.go:222.16,224.3 1 0
github.com/evilmartians/lefthook/internal/git/repository.go:235.16,237.3 1 0
github.com/evilmartians/lefthook/internal/git/repository.go:242.48,244.16 2 0
github.com/evilmartians/lefthook/internal/git/repository.go:248.2,249.23 2 0
github.com/evilmartians/lefthook/internal/git/repository.go:272.2,272.12 1 0
github.com/evilmartians/lefthook/internal/git/repository.go:244.16,246.3 1 0
github.com/evilmartians/lefthook/internal/git/repository.go:249.23,252.24 3 0
github.com/evilmartians/lefthook/internal/git/repository.go:256.3,258.32 2 0
github.com/evilmartians/lefthook/internal/git/repository.go:252.24,253.12 1 0
github.com/evilmartians/lefthook/internal/git/repository.go:258.32,266.18 2 0
github.com/evilmartians/lefthook/internal/git/repository.go:266.18,268.5 1 0
github.com/evilmartians/lefthook/internal/git/repository.go:276.71,278.16 2 0
github.com/evilmartians/lefthook/internal/git/repository.go:282.2,282.30 1 0
github.com/evilmartians/lefthook/internal/git/repository.go:278.16,280.3 1 0
github.com/evilmartians/lefthook/internal/git/repository.go:285.69,288.29 2 0
github.com/evilmartians/lefthook/internal/git/repository.go:303.2,303.19 1 0
github.com/evilmartians/lefthook/internal/git/repository.go:288.29,290.21 2 0
github.com/evilmartians/lefthook/internal/git/repository.go:294.3,295.17 2 0
github.com/evilmartians/lefthook/internal/git/repository.go:298.3,298.13 1 0
github.com/evilmartians/lefthook/internal/git/repository.go:290.21,291.12 1 0
github.com/evilmartians/lefthook/internal/git/repository.go:295.17,297.4 1 0
github.com/evilmartians/lefthook/internal/git/repository.go:298.13,300.4 1 0
github.com/evilmartians/lefthook/internal/git/repository.go:306.56,308.16 2 0
github.com/evilmartians/lefthook/internal/git/repository.go:315.2,315.27 1 0
github.com/evilmartians/lefthook/internal/git/repository.go:308.16,309.25 1 0
github.com/evilmartians/lefthook/internal/git/repository.go:312.3,312.20 1 0
github.com/evilmartians/lefthook/internal/git/repository.go:309.25,311.4 1 0
github.com/evilmartians/lefthook/internal/git/state.go:22.36,24.22 2 0
github.com/evilmartians/lefthook/internal/git/state.go:30.2,30.23 1 0
github.com/evilmartians/lefthook/internal/git/state.go:36.2,39.3 1 0
github.com/evilmartians/lefthook/internal/git/state.go:24.22,29.3 1 0
github.com/evilmartians/lefthook/internal/git/state.go:30.23,35.3 1 0
github.com/evilmartians/lefthook/internal/git/state.go:42.38,44.55 2 0
github.com/evilmartians/lefthook/internal/git/state.go:48.2,49.16 2 0
github.com/evilmartians/lefthook/internal/git/state.go:52.2,57.21 4 0
github.com/evilmartians/lefthook/internal/git/state.go:65.2,65.11 1 0
github.com/evilmartians/lefthook/internal/git/state.go:44.55,46.3 1 0
github.com/evilmartians/lefthook/internal/git/state.go:49.16,51.3 1 0
github.com/evilmartians/lefthook/internal/git/state.go:57.21,60.21 2 0
github.com/evilmartians/lefthook/internal/git/state.go:60.21,62.4 1 0
github.com/evilmartians/lefthook/internal/git/state.go:68.42,69.85 1 0
github.com/evilmartians/lefthook/internal/git/state.go:72.2,72.13 1 0
github.com/evilmartians/lefthook/internal/git/state.go:69.85,71.3 1 0
github.com/evilmartians/lefthook/internal/git/state.go:75.43,76.97 1 0
github.com/evilmartians/lefthook/internal/git/state.go:82.2,82.13 1 0
github.com/evilmartians/lefthook/internal/git/state.go:76.97,77.98 1 0
github.com/evilmartians/lefthook/internal/git/state.go:77.98,79.4 1 0
github.com/evilmartians/lefthook/internal/lefthook/runner/prepare_script.go:12.104,13.57 1 1
github.com/evilmartians/lefthook/internal/lefthook/runner/prepare_script.go:17.2,17.48 1 1
github.com/evilmartians/lefthook/internal/lefthook/runner/prepare_script.go:22.2,22.30 1 1
github.com/evilmartians/lefthook/internal/lefthook/runner/prepare_script.go:28.2,28.41 1 1
github.com/evilmartians/lefthook/internal/lefthook/runner/prepare_script.go:36.2,37.28 2 1
github.com/evilmartians/lefthook/internal/lefthook/runner/prepare_script.go:41.2,44.18 3 1
github.com/evilmartians/lefthook/internal/lefthook/runner/prepare_script.go:13.57,15.3 1 0
github.com/evilmartians/lefthook/internal/lefthook/runner/prepare_script.go:17.48,19.3 1 0
github.com/evilmartians/lefthook/internal/lefthook/runner/prepare_script.go:22.30,25.3 2 0
github.com/evilmartians/lefthook/internal/lefthook/runner/prepare_script.go:28.41,29.62 1 0
github.com/evilmartians/lefthook/internal/lefthook/runner/prepare_script.go:29.62,33.4 3 0
github.com/evilmartians/lefthook/internal/lefthook/runner/prepare_script.go:37.28,39.3 1 1
github.com/evilmartians/lefthook/internal/lefthook/runner/result.go:14.40,16.2 1 1
github.com/evilmartians/lefthook/internal/lefthook/runner/result.go:18.43,20.2 1 1
github.com/evilmartians/lefthook/internal/lefthook/runner/runner.go:51.35,56.2 1 0
github.com/evilmartians/lefthook/internal/lefthook/runner/runner.go:60.46,61.39 1 1
github.com/evilmartians/lefthook/internal/lefthook/runner/runner.go:65.2,65.57 1 1
github.com/evilmartians/lefthook/internal/lefthook/runner/runner.go:70.2,70.37 1 1
github.com/evilmartians/lefthook/internal/lefthook/runner/runner.go:75.2,76.39 2 1
github.com/evilmartians/lefthook/internal/lefthook/runner/runner.go:82.2,84.33 2 1
github.com/evilmartians/lefthook/internal/lefthook/runner/runner.go:88.2,90.14 2 1
github.com/evilmartians/lefthook/internal/lefthook/runner/runner.go:61.39,63.3 1 0
github.com/evilmartians/lefthook/internal/lefthook/runner/runner.go:65.57,68.3 2 1
github.com/evilmartians/lefthook/internal/lefthook/runner/runner.go:70.37,73.3 2 1
github.com/evilmartians/lefthook/internal/lefthook/runner/runner.go:76.39,80.3 1 1
github.com/evilmartians/lefthook/internal/lefthook/runner/runner.go:84.33,86.3 1 1
github.com/evilmartians/lefthook/internal/lefthook/runner/runner.go:93.42,96.2 2 1
github.com/evilmartians/lefthook/internal/lefthook/runner/runner.go:98.39,100.2 1 1
github.com/evilmartians/lefthook/internal/lefthook/runner/runner.go:102.37,103.32 1 1
github.com/evilmartians/lefthook/internal/lefthook/runner/runner.go:107.2,111.16 4 0
github.com/evilmartians/lefthook/internal/lefthook/runner/runner.go:114.2,115.16 2 0
github.com/evilmartians/lefthook/internal/lefthook/runner/runner.go:119.2,119.26 1 0
github.com/evilmartians/lefthook/internal/lefthook/runner/runner.go:152.2,152.36 1 0
github.com/evilmartians/lefthook/internal/lefthook/runner/runner.go:163.2,163.12 1 0
github.com/evilmartians/lefthook/internal/lefthook/runner/runner.go:103.32,105.3 1 1
github.com/evilmartians/lefthook/internal/lefthook/runner/runner.go:111.16,113.3 1 0
github.com/evilmartians/lefthook/internal/lefthook/runner/runner.go:115.16,117.3 1 0
github.com/evilmartians/lefthook/internal/lefthook/runner/runner.go:119.26,133.19 5 0
github.com/evilmartians/lefthook/internal/lefthook/runner/runner.go:136.3,136.17 1 0
github.com/evilmartians/lefthook/internal/lefthook/runner/runner.go:140.3,140.33 1 0
github.com/evilmartians/lefthook/internal/lefthook/runner/runner.go:144.3,144.53 1 0
github.com/evilmartians/lefthook/internal/lefthook/runner/runner.go:149.3,149.13 1 0
github.com/evilmartians/lefthook/internal/lefthook/runner/runner.go:133.19,135.4 1 0
github.com/evilmartians/lefthook/internal/lefthook/runner/runner.go:136.17,138.4 1 0
github.com/evilmartians/lefthook/internal/lefthook/runner/runner.go:140.33,142.4 1 0
github.com/evilmartians/lefthook/internal/lefthook/runner/runner.go:144.53,147.4 2 0
github.com/evilmartians/lefthook/internal/lefthook/runner/runner.go:152.36,161.3 2 0
github.com/evilmartians/lefthook/internal/lefthook/runner/runner.go:166.28,167.45 1 1
github.com/evilmartians/lefthook/internal/lefthook/runner/runner.go:171.2,172.16 2 1
github.com/evilmartians/lefthook/internal/lefthook/runner/runner.go:177.2,177.36 1 1
github.com/evilmartians/lefthook/internal/lefthook/runner/runner.go:181.2,185.16 4 0
github.com/evilmartians/lefthook/internal/lefthook/runner/runner.go:190.2,191.16 2 0
github.com/evilmartians/lefthook/internal/lefthook/runner/runner.go:196.2,197.16 2 0
github.com/evilmartians/lefthook/internal/lefthook/runner/runner.go:202.2,202.84 1 0
github.com/evilmartians/lefthook/internal/lefthook/runner/runner.go:167.45,169.3 1 0
github.com/evilmartians/lefthook/internal/lefthook/runner/runner.go:172.16,175.3 2 0
github.com/evilmartians/lefthook/internal/lefthook/runner/runner.go:177.36,179.3 1 1
github.com/evilmartians/lefthook/internal/lefthook/runner/runner.go:185.16,188.3 2 0
github.com/evilmartians/lefthook/internal/lefthook/runner/runner.go:191.16,194.3 2 0
github.com/evilmartians/lefthook/internal/lefthook/runner/runner.go:197.16,200.3 2 0
github.com/evilmartians/lefthook/internal/lefthook/runner/runner.go:205.29,206.49 1 1
github.com/evilmartians/lefthook/internal/lefthook/runner/runner.go:211.2,211.51 1 1
github.com/evilmartians/lefthook/internal/lefthook/runner/runner.go:206.49,209.3 2 0
github.com/evilmartians/lefthook/internal/lefthook/runner/runner.go:211.51,213.3 1 0
github.com/evilmartians/lefthook/internal/lefthook/runner/runner.go:216.41,218.35 2 1
github.com/evilmartians/lefthook/internal/lefthook/runner/runner.go:222.2,225.29 3 1
github.com/evilmartians/lefthook/internal/lefthook/runner/runner.go:255.2,257.42 2 1
github.com/evilmartians/lefthook/internal/lefthook/runner/runner.go:218.35,220.3 1 0
github.com/evilmartians/lefthook/internal/lefthook/runner/runner.go:225.29,227.10 2 1
github.com/evilmartians/lefthook/internal/lefthook/runner/runner.go:232.3,232.38 1 1
github.com/evilmartians/lefthook/internal/lefthook/runner/runner.go:237.3,237.25 1 1
github.com/evilmartians/lefthook/internal/lefthook/runner/runner.go:242.3,244.22 2 1
github.com/evilmartians/lefthook/internal/lefthook/runner/runner.go:227.10,229.12 2 1
github.com/evilmartians/lefthook/internal/lefthook/runner/runner.go:232.38,234.12 2 0
github.com/evilmartians/lefthook/internal/lefthook/runner/runner.go:237.25,239.12 2 1
github.com/evilmartians/lefthook/internal/lefthook/runner/runner.go:244.22,246.66 2 1
github.com/evilmartians/lefthook/internal/lefthook/runner/runner.go:246.66,249.5 2 1
github.com/evilmartians/lefthook/internal/lefthook/runner/runner.go:250.9,252.4 1 1
github.com/evilmartians/lefthook/internal/lefthook/runner/runner.go:257.42,259.22 2 1
github.com/evilmartians/lefthook/internal/lefthook/runner/runner.go:264.3,266.34 2 0
github.com/evilmartians/lefthook/internal/lefthook/runner/runner.go:259.22,261.12 2 1
github.com/evilmartians/lefthook/internal/lefthook/runner/runner.go:270.82,272.16 2 1
github.com/evilmartians/lefthook/internal/lefthook/runner/runner.go:277.2,277.59 1 1
github.com/evilmartians/lefthook/internal/lefthook/runner/runner.go:282.2,289.19 1 1
github.com/evilmartians/lefthook/internal/lefthook/runner/runner.go:272.16,275.3 2 0
github.com/evilmartians/lefthook/internal/lefthook/runner/runner.go:277.59,280.3 2 0
github.com/evilmartians/lefthook/internal/lefthook/runner/runner.go:292.32,294.36 2 1
github.com/evilmartians/lefthook/internal/lefthook/runner/runner.go:298.2,303.32 4 1
github.com/evilmartians/lefthook/internal/lefthook/runner/runner.go:325.2,327.43 2 1
github.com/evilmartians/lefthook/internal/lefthook/runner/runner.go:294.36,296.3 1 1
github.com/evilmartians/lefthook/internal/lefthook/runner/runner.go:303.32,304.38 1 1
github.com/evilmartians/lefthook/internal/lefthook/runner/runner.go:309.3,309.40 1 1
github.com/evilmartians/lefthook/internal/lefthook/runner/runner.go:314.3,314.22 1 1
github.com/evilmartians/lefthook/internal/lefthook/runner/runner.go:304.38,306.12 2 0
github.com/evilmartians/lefthook/internal/lefthook/runner/runner.go:309.40,311.12 2 1
github.com/evilmartians/lefthook/internal/lefthook/runner/runner.go:314.22,316.50 2 1
github.com/evilmartians/lefthook/internal/lefthook/runner/runner.go:316.50,319.5 2 1
github.com/evilmartians/lefthook/internal/lefthook/runner/runner.go:320.9,322.4 1 1
github.com/evilmartians/lefthook/internal/lefthook/runner/runner.go:327.43,328.22 1 1
github.com/evilmartians/lefthook/internal/lefthook/runner/runner.go:333.3,333.44 1 0
github.com/evilmartians/lefthook/internal/lefthook/runner/runner.go:328.22,330.12 2 1
github.com/evilmartians/lefthook/internal/lefthook/runner/runner.go:337.67,339.16 2 1
github.com/evilmartians/lefthook/internal/lefthook/runner/runner.go:344.2,344.60 1 1
github.com/evilmartians/lefthook/internal/lefthook/runner/runner.go:349.2,356.19 1 1
github.com/evilmartians/lefthook/internal/lefthook/runner/runner.go:339.16,342.3 2 1
github.com/evilmartians/lefthook/internal/lefthook/runner/runner.go:344.60,347.3 2 0
github.com/evilmartians/lefthook/internal/lefthook/runner/runner.go:359.56,363.69 3 1
github.com/evilmartians/lefthook/internal/lefthook/runner/runner.go:374.2,378.16 4 1
github.com/evilmartians/lefthook/internal/lefthook/runner/runner.go:386.2,386.50 1 1
github.com/evilmartians/lefthook/internal/lefthook/runner/runner.go:390.2,391.16 2 1
github.com/evilmartians/lefthook/internal/lefthook/runner/runner.go:394.2,394.17 1 1
github.com/evilmartians/lefthook/internal/lefthook/runner/runner.go:363.69,366.17 3 1
github.com/evilmartians/lefthook/internal/lefthook/runner/runner.go:371.3,371.9 1 1
github.com/evilmartians/lefthook/internal/lefthook/runner/runner.go:366.17,368.4 1 0
github.com/evilmartians/lefthook/internal/lefthook/runner/runner.go:368.9,370.4 1 1
github.com/evilmartians/lefthook/internal/lefthook/runner/runner.go:378.16,381.3 2 1
github.com/evilmartians/lefthook/internal/lefthook/runner/runner.go:381.8,384.3 2 1
github.com/evilmartians/lefthook/internal/lefthook/runner/runner.go:386.50,388.3 1 0
github.com/evilmartians/lefthook/internal/lefthook/runner/runner.go:391.16,393.3 1 1
github.com/evilmartians/lefthook/internal/lefthook/runner/runner.go:398.36,401.22 2 1
github.com/evilmartians/lefthook/internal/lefthook/runner/runner.go:405.2,405.22 1 1
github.com/evilmartians/lefthook/internal/lefthook/runner/runner.go:411.2,411.14 1 1
github.com/evilmartians/lefthook/internal/lefthook/runner/runner.go:401.22,403.3 1 1
github.com/evilmartians/lefthook/internal/lefthook/runner/runner.go:405.22,406.36 1 1
github.com/evilmartians/lefthook/internal/lefthook/runner/runner.go:406.36,408.4 1 1
github.com/evilmartians/lefthook/internal/lefthook/runner/runner.go:414.35,423.2 1 1
github.com/evilmartians/lefthook/internal/lefthook/runner/execute_unix.go:22.76,24.59 2 0
github.com/evilmartians/lefthook/internal/lefthook/runner/execute_unix.go:34.2,40.36 5 0
github.com/evilmartians/lefthook/internal/lefthook/runner/execute_unix.go:47.2,49.22 2 0
github.com/evilmartians/lefthook/internal/lefthook/runner/execute_unix.go:70.2,70.15 1 0
github.com/evilmartians/lefthook/internal/lefthook/runner/execute_unix.go:72.2,72.23 1 0
github.com/evilmartians/lefthook/internal/lefthook/runner/execute_unix.go:24.59,26.17 2 0
github.com/evilmartians/lefthook/internal/lefthook/runner/execute_unix.go:26.17,29.4 2 0
github.com/evilmartians/lefthook/internal/lefthook/runner/execute_unix.go:29.9,31.4 1 0
github.com/evilmartians/lefthook/internal/lefthook/runner/execute_unix.go:40.36,45.3 1 0
github.com/evilmartians/lefthook/internal/lefthook/runner/execute_unix.go:49.22,54.17 5 0
github.com/evilmartians/lefthook/internal/lefthook/runner/execute_unix.go:54.17,56.4 1 0
github.com/evilmartians/lefthook/internal/lefthook/runner/execute_unix.go:57.8,59.17 2 0
github.com/evilmartians/lefthook/internal/lefthook/runner/execute_unix.go:63.3,63.16 1 0
github.com/evilmartians/lefthook/internal/lefthook/runner/execute_unix.go:65.3,65.13 1 0
github.com/evilmartians/lefthook/internal/lefthook/runner/execute_unix.go:67.3,67.25 1 0
github.com/evilmartians/lefthook/internal/lefthook/runner/execute_unix.go:59.17,61.4 1 0
github.com/evilmartians/lefthook/internal/lefthook/runner/execute_unix.go:63.16,63.33 1 0
github.com/evilmartians/lefthook/internal/lefthook/runner/execute_unix.go:65.13,65.41 1 0
github.com/evilmartians/lefthook/internal/lefthook/runner/execute_unix.go:70.15,70.45 1 0
github.com/evilmartians/lefthook/internal/lefthook/runner/execute_unix.go:75.76,82.2 4 0
github.com/evilmartians/lefthook/internal/lefthook/runner/filters.go:10.55,11.19 1 1
github.com/evilmartians/lefthook/internal/lefthook/runner/filters.go:15.2,18.23 3 1
github.com/evilmartians/lefthook/internal/lefthook/runner/filters.go:23.2,23.12 1 1
github.com/evilmartians/lefthook/internal/lefthook/runner/filters.go:11.19,13.3 1 1
github.com/evilmartians/lefthook/internal/lefthook/runner/filters.go:18.23,19.46 1 1
github.com/evilmartians/lefthook/internal/lefthook/runner/filters.go:19.46,21.4 1 1
github.com/evilmartians/lefthook/internal/lefthook/runner/filters.go:26.58,27.19 1 1
github.com/evilmartians/lefthook/internal/lefthook/runner/filters.go:31.2,32.23 2 1
github.com/evilmartians/lefthook/internal/lefthook/runner/filters.go:37.2,37.12 1 1
github.com/evilmartians/lefthook/internal/lefthook/runner/filters.go:27.19,29.3 1 1
github.com/evilmartians/lefthook/internal/lefthook/runner/filters.go:32.23,33.53 1 1
github.com/evilmartians/lefthook/internal/lefthook/runner/filters.go:33.53,35.4 1 1
github.com/evilmartians/lefthook/internal/lefthook/runner/filters.go:40.59,41.19 1 1
github.com/evilmartians/lefthook/internal/lefthook/runner/filters.go:45.2,46.23 2 1
github.com/evilmartians/lefthook/internal/lefthook/runner/filters.go:51.2,51.12 1 1
github.com/evilmartians/lefthook/internal/lefthook/runner/filters.go:41.19,43.3 1 1
github.com/evilmartians/lefthook/internal/lefthook/runner/filters.go:46.23,47.36 1 1
github.com/evilmartians/lefthook/internal/lefthook/runner/filters.go:47.36,49.4 1 1
github.com/evilmartians/lefthook/internal/lefthook/runner/prepare_command.go:14.89,15.59 1 1
github.com/evilmartians/lefthook/internal/lefthook/runner/prepare_command.go:19.2,19.49 1 1
github.com/evilmartians/lefthook/internal/lefthook/runner/prepare_command.go:23.2,23.51 1 1
github.com/evilmartians/lefthook/internal/lefthook/runner/prepare_command.go:27.2,27.43 1 1
github.com/evilmartians/lefthook/internal/lefthook/runner/prepare_command.go:32.2,33.16 2 1
github.com/evilmartians/lefthook/internal/lefthook/runner/prepare_command.go:37.2,37.20 1 1
github.com/evilmartians/lefthook/internal/lefthook/runner/prepare_command.go:41.2,41.18 1 1
github.com/evilmartians/lefthook/internal/lefthook/runner/prepare_command.go:15.59,17.3 1 1
github.com/evilmartians/lefthook/internal/lefthook/runner/prepare_command.go:19.49,21.3 1 1
github.com/evilmartians/lefthook/internal/lefthook/runner/prepare_command.go:23.51,25.3 1 1
github.com/evilmartians/lefthook/internal/lefthook/runner/prepare_command.go:27.43,30.3 2 0
github.com/evilmartians/lefthook/internal/lefthook/runner/prepare_command.go:33.16,36.3 2 0
github.com/evilmartians/lefthook/internal/lefthook/runner/prepare_command.go:37.20,39.3 1 0
github.com/evilmartians/lefthook/internal/lefthook/runner/prepare_command.go:44.78,46.25 2 1
github.com/evilmartians/lefthook/internal/lefthook/runner/prepare_command.go:50.2,54.45 1 1
github.com/evilmartians/lefthook/internal/lefthook/runner/prepare_command.go:59.2,60.48 2 1
github.com/evilmartians/lefthook/internal/lefthook/runner/prepare_command.go:84.2,85.35 2 1
github.com/evilmartians/lefthook/internal/lefthook/runner/prepare_command.go:89.2,91.43 2 1
github.com/evilmartians/lefthook/internal/lefthook/runner/prepare_command.go:46.25,48.3 1 0
github.com/evilmartians/lefthook/internal/lefthook/runner/prepare_command.go:54.45,56.4 1 0
github.com/evilmartians/lefthook/internal/lefthook/runner/prepare_command.go:60.48,66.55 1 1
github.com/evilmartians/lefthook/internal/lefthook/runner/prepare_command.go:66.55,68.18 2 0
github.com/evilmartians/lefthook/internal/lefthook/runner/prepare_command.go:71.4,71.23 1 0
github.com/evilmartians/lefthook/internal/lefthook/runner/prepare_command.go:75.4,76.31 2 0
github.com/evilmartians/lefthook/internal/lefthook/runner/prepare_command.go:80.4,80.66 1 0
github.com/evilmartians/lefthook/internal/lefthook/runner/prepare_command.go:68.18,70.5 1 0
github.com/evilmartians/lefthook/internal/lefthook/runner/prepare_command.go:71.23,73.5 1 0
github.com/evilmartians/lefthook/internal/lefthook/runner/prepare_command.go:76.31,78.5 1 0
github.com/evilmartians/lefthook/internal/lefthook/runner/prepare_command.go:85.35,87.3 1 0
github.com/evilmartians/lefthook/internal/lefthook/runner/prepare_command.go:94.69,95.18 1 0
github.com/evilmartians/lefthook/internal/lefthook/runner/prepare_command.go:99.2,109.33 7 0
github.com/evilmartians/lefthook/internal/lefthook/runner/prepare_command.go:115.2,117.17 2 0
github.com/evilmartians/lefthook/internal/lefthook/runner/prepare_command.go:95.18,97.3 1 0
github.com/evilmartians/lefthook/internal/lefthook/runner/prepare_command.go:109.33,110.24 1 0
github.com/evilmartians/lefthook/internal/lefthook/runner/prepare_command.go:110.24,112.4 1 0
github.com/evilmartians/lefthook/internal/lefthook/runner/prepare_command.go:120.72,125.4 1 1
github.com/evilmartians/lefthook/internal/lefthook/runner/prepare_command.go:146.2,146.15 1 1
github.com/evilmartians/lefthook/internal/lefthook/runner/prepare_command.go:125.4,128.37 3 1
github.com/evilmartians/lefthook/internal/lefthook/runner/prepare_command.go:132.3,133.22 2 1
github.com/evilmartians/lefthook/internal/lefthook/runner/prepare_command.go:141.3,143.4 1 1
github.com/evilmartians/lefthook/internal/lefthook/runner/prepare_command.go:128.37,129.12 1 1
github.com/evilmartians/lefthook/internal/lefthook/runner/prepare_command.go:133.22,135.35 2 1
github.com/evilmartians/lefthook/internal/lefthook/runner/prepare_command.go:135.35,138.5 1 1
github.com/evilmartians/lefthook/internal/lefthook/add.go:18.46,20.16 2 0
github.com/evilmartians/lefthook/internal/lefthook/add.go:24.2,24.27 1 0
github.com/evilmartians/lefthook/internal/lefthook/add.go:20.16,22.3 1 0
github.com/evilmartians/lefthook/internal/lefthook/add.go:28.45,29.38 1 1
github.com/evilmartians/lefthook/internal/lefthook/add.go:33.2,34.16 2 1
github.com/evilmartians/lefthook/internal/lefthook/add.go:38.2,38.48 1 1
github.com/evilmartians/lefthook/internal/lefthook/add.go:42.2,43.16 2 1
github.com/evilmartians/lefthook/internal/lefthook/add.go:47.2,47.21 1 1
github.com/evilmartians/lefthook/internal/lefthook/add.go:61.2,61.12 1 1
github.com/evilmartians/lefthook/internal/lefthook/add.go:29.38,31.3 1 1
github.com/evilmartians/lefthook/internal/lefthook/add.go:34.16,36.3 1 1
github.com/evilmartians/lefthook/internal/lefthook/add.go:38.48,40.3 1 0
github.com/evilmartians/lefthook/internal/lefthook/add.go:43.16,45.3 1 0
github.com/evilmartians/lefthook/internal/lefthook/add.go:47.21,53.65 4 1
github.com/evilmartians/lefthook/internal/lefthook/add.go:56.3,56.70 1 1
github.com/evilmartians/lefthook/internal/lefthook/add.go:53.65,55.4 1 0
github.com/evilmartians/lefthook/internal/lefthook/add.go:56.70,58.4 1 0
github.com/evilmartians/lefthook/internal/lefthook/add.go:64.59,69.16 4 1
github.com/evilmartians/lefthook/internal/lefthook/add.go:78.2,78.8 1 1
github.com/evilmartians/lefthook/internal/lefthook/add.go:69.16,70.29 1 1
github.com/evilmartians/lefthook/internal/lefthook/add.go:73.3,73.34 1 1
github.com/evilmartians/lefthook/internal/lefthook/add.go:70.29,72.4 1 1
github.com/evilmartians/lefthook/internal/lefthook/add.go:73.34,75.4 1 1
github.com/evilmartians/lefthook/internal/lefthook/install.go:36.54,38.16 2 0
github.com/evilmartians/lefthook/internal/lefthook/install.go:42.2,42.31 1 0
github.com/evilmartians/lefthook/internal/lefthook/install.go:38.16,40.3 1 0
github.com/evilmartians/lefthook/internal/lefthook/install.go:45.53,47.16 2 1
github.com/evilmartians/lefthook/internal/lefthook/install.go:51.2,51.29 1 1
github.com/evilmartians/lefthook/internal/lefthook/install.go:63.2,64.76 1 1
github.com/evilmartians/lefthook/internal/lefthook/install.go:47.16,49.3 1 0
github.com/evilmartians/lefthook/internal/lefthook/install.go:51.29,52.78 1 0
github.com/evilmartians/lefthook/internal/lefthook/install.go:52.78,54.4 1 0
github.com/evilmartians/lefthook/internal/lefthook/install.go:54.9,57.18 2 0
github.com/evilmartians/lefthook/internal/lefthook/install.go:57.18,59.5 1 0
github.com/evilmartians/lefthook/internal/lefthook/install.go:67.65,70.38 2 1
github.com/evilmartians/lefthook/internal/lefthook/install.go:78.2,78.34 1 1
github.com/evilmartians/lefthook/internal/lefthook/install.go:70.38,73.57 2 1
github.com/evilmartians/lefthook/internal/lefthook/install.go:73.57,75.4 1 0
github.com/evilmartians/lefthook/internal/lefthook/install.go:81.51,83.16 2 1
github.com/evilmartians/lefthook/internal/lefthook/install.go:87.2,87.31 1 1
github.com/evilmartians/lefthook/internal/lefthook/install.go:93.2,93.14 1 1
github.com/evilmartians/lefthook/internal/lefthook/install.go:83.16,85.3 1 0
github.com/evilmartians/lefthook/internal/lefthook/install.go:87.31,88.46 1 1
github.com/evilmartians/lefthook/internal/lefthook/install.go:88.46,90.4 1 1
github.com/evilmartians/lefthook/internal/lefthook/install.go:96.52,100.16 3 1
github.com/evilmartians/lefthook/internal/lefthook/install.go:104.2,106.12 2 1
github.com/evilmartians/lefthook/internal/lefthook/install.go:100.16,102.3 1 0
github.com/evilmartians/lefthook/internal/lefthook/install.go:109.78,110.37 1 1
github.com/evilmartians/lefthook/internal/lefthook/install.go:114.2,117.16 3 1
github.com/evilmartians/lefthook/internal/lefthook/install.go:121.2,121.48 1 1
github.com/evilmartians/lefthook/internal/lefthook/install.go:125.2,126.30 2 1
github.com/evilmartians/lefthook/internal/lefthook/install.go:138.2,138.63 1 1
github.com/evilmartians/lefthook/internal/lefthook/install.go:142.2,142.51 1 1
github.com/evilmartians/lefthook/internal/lefthook/install.go:146.2,146.24 1 1
github.com/evilmartians/lefthook/internal/lefthook/install.go:150.2,150.12 1 1
github.com/evilmartians/lefthook/internal/lefthook/install.go:110.37,112.3 1 1
github.com/evilmartians/lefthook/internal/lefthook/install.go:117.16,119.3 1 0
github.com/evilmartians/lefthook/internal/lefthook/install.go:121.48,123.3 1 0
github.com/evilmartians/lefthook/internal/lefthook/install.go:126.30,129.49 2 1
github.com/evilmartians/lefthook/internal/lefthook/install.go:133.3,133.48 1 1
github.com/evilmartians/lefthook/internal/lefthook/install.go:129.49,131.4 1 1
github.com/evilmartians/lefthook/internal/lefthook/install.go:133.48,135.4 1 0
github.com/evilmartians/lefthook/internal/lefthook/install.go:138.63,140.3 1 0
github.com/evilmartians/lefthook/internal/lefthook/install.go:142.51,144.3 1 0
github.com/evilmartians/lefthook/internal/lefthook/install.go:146.24,148.3 1 1
github.com/evilmartians/lefthook/internal/lefthook/install.go:153.45,156.16 2 1
github.com/evilmartians/lefthook/internal/lefthook/install.go:159.2,167.21 6 1
github.com/evilmartians/lefthook/internal/lefthook/install.go:180.2,180.30 1 1
github.com/evilmartians/lefthook/internal/lefthook/install.go:184.2,185.16 2 1
github.com/evilmartians/lefthook/internal/lefthook/install.go:189.2,189.40 1 1
github.com/evilmartians/lefthook/internal/lefthook/install.go:193.2,194.16 2 1
github.com/evilmartians/lefthook/internal/lefthook/install.go:198.2,198.41 1 1
github.com/evilmartians/lefthook/internal/lefthook/install.go:156.16,158.3 1 1
github.com/evilmartians/lefthook/internal/lefthook/install.go:167.21,169.21 2 1
github.com/evilmartians/lefthook/internal/lefthook/install.go:169.21,172.18 3 1
github.com/evilmartians/lefthook/internal/lefthook/install.go:176.4,176.9 1 1
github.com/evilmartians/lefthook/internal/lefthook/install.go:172.18,174.5 1 0
github.com/evilmartians/lefthook/internal/lefthook/install.go:180.30,182.3 1 0
github.com/evilmartians/lefthook/internal/lefthook/install.go:185.16,187.3 1 0
github.com/evilmartians/lefthook/internal/lefthook/install.go:189.40,191.3 1 1
github.com/evilmartians/lefthook/internal/lefthook/install.go:194.16,196.3 1 0
github.com/evilmartians/lefthook/internal/lefthook/install.go:201.77,203.16 2 1
github.com/evilmartians/lefthook/internal/lefthook/install.go:207.2,208.16 2 1
github.com/evilmartians/lefthook/internal/lefthook/install.go:212.2,213.8 2 1
github.com/evilmartians/lefthook/internal/lefthook/install.go:203.16,205.3 1 0
github.com/evilmartians/lefthook/internal/lefthook/install.go:208.16,210.3 1 0
github.com/evilmartians/lefthook/internal/lefthook/install.go:216.66,218.16 2 1
github.com/evilmartians/lefthook/internal/lefthook/install.go:222.2,223.16 2 1
github.com/evilmartians/lefthook/internal/lefthook/install.go:226.2,230.16 4 1
github.com/evilmartians/lefthook/internal/lefthook/install.go:234.2,235.8 2 1
github.com/evilmartians/lefthook/internal/lefthook/install.go:218.16,220.3 1 0
github.com/evilmartians/lefthook/internal/lefthook/install.go:223.16,225.3 1 0
github.com/evilmartians/lefthook/internal/lefthook/install.go:230.16,232.3 1 0
github.com/evilmartians/lefthook/internal/lefthook/install.go:238.59,240.16 2 1
github.com/evilmartians/lefthook/internal/lefthook/install.go:244.2,246.3 1 1
github.com/evilmartians/lefthook/internal/lefthook/install.go:240.16,242.3 1 0
github.com/evilmartians/lefthook/internal/lefthook/install.go:249.46,251.2 1 1
github.com/evilmartians/lefthook/internal/lefthook/install.go:253.49,255.27 2 1
github.com/evilmartians/lefthook/internal/lefthook/install.go:262.2,262.12 1 1
github.com/evilmartians/lefthook/internal/lefthook/install.go:255.27,257.17 2 1
github.com/evilmartians/lefthook/internal/lefthook/install.go:257.17,259.4 1 0
github.com/evilmartians/lefthook/internal/lefthook/lefthook.go:37.51,38.18 1 0
github.com/evilmartians/lefthook/internal/lefthook/lefthook.go:42.2,45.16 3 0
github.com/evilmartians/lefthook/internal/lefthook/lefthook.go:49.2,49.50 1 0
github.com/evilmartians/lefthook/internal/lefthook/lefthook.go:38.18,40.3 1 0
github.com/evilmartians/lefthook/internal/lefthook/lefthook.go:45.16,47.3 1 0
github.com/evilmartians/lefthook/internal/lefthook/lefthook.go:53.53,55.16 2 1
github.com/evilmartians/lefthook/internal/lefthook/lefthook.go:58.2,63.21 4 1
github.com/evilmartians/lefthook/internal/lefthook/lefthook.go:69.2,69.14 1 1
github.com/evilmartians/lefthook/internal/lefthook/lefthook.go:55.16,57.3 1 0
github.com/evilmartians/lefthook/internal/lefthook/lefthook.go:63.21,64.56 1 1
github.com/evilmartians/lefthook/internal/lefthook/lefthook.go:64.56,66.4 1 1
github.com/evilmartians/lefthook/internal/lefthook/lefthook.go:73.61,76.16 3 1
github.com/evilmartians/lefthook/internal/lefthook/lefthook.go:79.2,79.13 1 1
github.com/evilmartians/lefthook/internal/lefthook/lefthook.go:84.2,84.32 1 1
github.com/evilmartians/lefthook/internal/lefthook/lefthook.go:93.2,94.16 2 1
github.com/evilmartians/lefthook/internal/lefthook/lefthook.go:97.2,97.12 1 1
github.com/evilmartians/lefthook/internal/lefthook/lefthook.go:106.2,107.16 2 1
github.com/evilmartians/lefthook/internal/lefthook/lefthook.go:111.2,112.12 2 1
github.com/evilmartians/lefthook/internal/lefthook/lefthook.go:76.16,78.3 1 0
github.com/evilmartians/lefthook/internal/lefthook/lefthook.go:79.13,81.3 1 1
github.com/evilmartians/lefthook/internal/lefthook/lefthook.go:84.32,85.46 1 1
github.com/evilmartians/lefthook/internal/lefthook/lefthook.go:89.3,89.13 1 1
github.com/evilmartians/lefthook/internal/lefthook/lefthook.go:85.46,87.4 1 0
github.com/evilmartians/lefthook/internal/lefthook/lefthook.go:94.16,96.3 1 0
github.com/evilmartians/lefthook/internal/lefthook/lefthook.go:97.12,98.12 1 1
github.com/evilmartians/lefthook/internal/lefthook/lefthook.go:98.12,100.4 1 1
github.com/evilmartians/lefthook/internal/lefthook/lefthook.go:100.9,103.4 2 1
github.com/evilmartians/lefthook/internal/lefthook/lefthook.go:107.16,109.3 1 0
github.com/evilmartians/lefthook/internal/lefthook/lefthook.go:116.51,121.2 2 1
github.com/evilmartians/lefthook/internal/lefthook/run.go:27.80,29.16 2 0
github.com/evilmartians/lefthook/internal/lefthook/run.go:33.2,33.46 1 0
github.com/evilmartians/lefthook/internal/lefthook/run.go:29.16,31.3 1 0
github.com/evilmartians/lefthook/internal/lefthook/run.go:36.79,37.70 1 1
github.com/evilmartians/lefthook/internal/lefthook/run.go:41.2,42.82 2 1
github.com/evilmartians/lefthook/internal/lefthook/run.go:48.2,49.16 2 1
github.com/evilmartians/lefthook/internal/lefthook/run.go:52.2,52.38 1 1
github.com/evilmartians/lefthook/internal/lefthook/run.go:59.2,60.57 2 1
github.com/evilmartians/lefthook/internal/lefthook/run.go:64.2,64.50 1 1
github.com/evilmartians/lefthook/internal/lefthook/run.go:68.2,69.44 2 1
github.com/evilmartians/lefthook/internal/lefthook/run.go:73.2,73.47 1 1
github.com/evilmartians/lefthook/internal/lefthook/run.go:77.2,77.29 1 1
github.com/evilmartians/lefthook/internal/lefthook/run.go:82.2,82.57 1 1
github.com/evilmartians/lefthook/internal/lefthook/run.go:89.2,89.29 1 1
github.com/evilmartians/lefthook/internal/lefthook/run.go:94.2,95.9 2 1
github.com/evilmartians/lefthook/internal/lefthook/run.go:98.2,98.40 1 1
github.com/evilmartians/lefthook/internal/lefthook/run.go:102.2,123.29 5 1
github.com/evilmartians/lefthook/internal/lefthook/run.go:134.2,134.12 1 1
github.com/evilmartians/lefthook/internal/lefthook/run.go:139.2,140.30 2 1
github.com/evilmartians/lefthook/internal/lefthook/run.go:144.2,144.32 1 1
github.com/evilmartians/lefthook/internal/lefthook/run.go:148.2,148.33 1 1
github.com/evilmartians/lefthook/internal/lefthook/run.go:154.2,154.12 1 1
github.com/evilmartians/lefthook/internal/lefthook/run.go:37.70,39.3 1 1
github.com/evilmartians/lefthook/internal/lefthook/run.go:42.82,45.3 2 0
github.com/evilmartians/lefthook/internal/lefthook/run.go:49.16,51.3 1 0
github.com/evilmartians/lefthook/internal/lefthook/run.go:52.38,54.3 1 1
github.com/evilmartians/lefthook/internal/lefthook/run.go:60.57,62.3 1 0
github.com/evilmartians/lefthook/internal/lefthook/run.go:64.50,66.3 1 0
github.com/evilmartians/lefthook/internal/lefthook/run.go:69.44,71.3 1 0
github.com/evilmartians/lefthook/internal/lefthook/run.go:73.47,75.3 1 0
github.com/evilmartians/lefthook/internal/lefthook/run.go:77.29,79.3 1 1
github.com/evilmartians/lefthook/internal/lefthook/run.go:82.57,87.3 1 0
github.com/evilmartians/lefthook/internal/lefthook/run.go:89.29,91.3 1 1
github.com/evilmartians/lefthook/internal/lefthook/run.go:95.9,97.3 1 1
github.com/evilmartians/lefthook/internal/lefthook/run.go:98.40,100.3 1 1
github.com/evilmartians/lefthook/internal/lefthook/run.go:123.29,132.3 1 0
github.com/evilmartians/lefthook/internal/lefthook/run.go:134.12,137.3 2 1
github.com/evilmartians/lefthook/internal/lefthook/run.go:140.30,142.3 1 1
github.com/evilmartians/lefthook/internal/lefthook/run.go:144.32,146.3 1 1
github.com/evilmartians/lefthook/internal/lefthook/run.go:148.33,149.40 1 1
github.com/evilmartians/lefthook/internal/lefthook/run.go:149.40,151.4 1 1
github.com/evilmartians/lefthook/internal/lefthook/run.go:161.3,162.23 1 1
github.com/evilmartians/lefthook/internal/lefthook/run.go:167.2,171.32 2 1
github.com/evilmartians/lefthook/internal/lefthook/run.go:181.2,181.32 1 1
github.com/evilmartians/lefthook/internal/lefthook/run.go:162.23,165.3 2 1
github.com/evilmartians/lefthook/internal/lefthook/run.go:171.32,172.34 1 1
github.com/evilmartians/lefthook/internal/lefthook/run.go:172.34,173.40 1 1
github.com/evilmartians/lefthook/internal/lefthook/run.go:177.4,177.53 1 0
github.com/evilmartians/lefthook/internal/lefthook/run.go:173.40,174.13 1 1
github.com/evilmartians/lefthook/internal/lefthook/run.go:181.32,182.34 1 1
github.com/evilmartians/lefthook/internal/lefthook/run.go:182.34,183.41 1 1
github.com/evilmartians/lefthook/internal/lefthook/run.go:187.4,188.29 2 1
github.com/evilmartians/lefthook/internal/lefthook/run.go:192.4,192.70 1 1
github.com/evilmartians/lefthook/internal/lefthook/run.go:183.41,184.13 1 0
github.com/evilmartians/lefthook/internal/lefthook/run.go:188.29,190.5 1 0
github.com/evilmartians/lefthook/internal/lefthook/uninstall.go:15.58,17.16 2 0
github.com/evilmartians/lefthook/internal/lefthook/uninstall.go:21.2,21.33 1 0
github.com/evilmartians/lefthook/internal/lefthook/uninstall.go:17.16,19.3 1 0
github.com/evilmartians/lefthook/internal/lefthook/uninstall.go:24.57,25.74 1 1
github.com/evilmartians/lefthook/internal/lefthook/uninstall.go:29.2,29.58 1 1
github.com/evilmartians/lefthook/internal/lefthook/uninstall.go:35.2,35.23 1 1
github.com/evilmartians/lefthook/internal/lefthook/uninstall.go:44.2,44.63 1 1
github.com/evilmartians/lefthook/internal/lefthook/uninstall.go:48.2,48.12 1 1
github.com/evilmartians/lefthook/internal/lefthook/uninstall.go:25.74,27.3 1 0
github.com/evilmartians/lefthook/internal/lefthook/uninstall.go:29.58,31.3 1 1
github.com/evilmartians/lefthook/internal/lefthook/uninstall.go:31.8,33.3 1 0
github.com/evilmartians/lefthook/internal/lefthook/uninstall.go:35.23,39.5 1 1
github.com/evilmartians/lefthook/internal/lefthook/uninstall.go:39.5,41.4 1 1
github.com/evilmartians/lefthook/internal/lefthook/uninstall.go:44.63,46.3 1 0
github.com/evilmartians/lefthook/internal/lefthook/uninstall.go:51.50,53.16 2 1
github.com/evilmartians/lefthook/internal/lefthook/uninstall.go:57.2,57.29 1 1
github.com/evilmartians/lefthook/internal/lefthook/uninstall.go:84.2,84.12 1 1
github.com/evilmartians/lefthook/internal/lefthook/uninstall.go:53.16,55.3 1 0
github.com/evilmartians/lefthook/internal/lefthook/uninstall.go:57.29,61.44 2 1
github.com/evilmartians/lefthook/internal/lefthook/uninstall.go:65.3,65.47 1 1
github.com/evilmartians/lefthook/internal/lefthook/uninstall.go:72.3,73.60 2 1
github.com/evilmartians/lefthook/internal/lefthook/uninstall.go:77.3,77.60 1 1
github.com/evilmartians/lefthook/internal/lefthook/uninstall.go:61.44,62.12 1 1
github.com/evilmartians/lefthook/internal/lefthook/uninstall.go:65.47,67.4 1 1
github.com/evilmartians/lefthook/internal/lefthook/uninstall.go:67.9,69.4 1 0
github.com/evilmartians/lefthook/internal/lefthook/uninstall.go:73.60,74.12 1 1
github.com/evilmartians/lefthook/internal/lefthook/uninstall.go:77.60,79.4 1 1
github.com/evilmartians/lefthook/internal/lefthook/uninstall.go:79.9,81.4 1 0
github.com/evilmartians/lefthook/internal/lefthook/uninstall.go:87.44,89.16 2 1
github.com/evilmartians/lefthook/internal/lefthook/uninstall.go:94.2,94.33 1 1
github.com/evilmartians/lefthook/internal/lefthook/uninstall.go:89.16,92.3 2 0
github.com/evilmartians/lefthook/internal/lefthook/uninstall.go:94.33,95.47 1 1
github.com/evilmartians/lefthook/internal/lefthook/uninstall.go:95.47,97.4 1 1
github.com/evilmartians/lefthook/internal/lefthook/uninstall.go:97.9,99.4 1 0
github.com/evilmartians/lefthook/internal/config/config.go:21.35,23.2 1 0
github.com/evilmartians/lefthook/internal/config/files.go:12.50,13.85 1 0
github.com/evilmartians/lefthook/internal/config/files.go:16.2,16.13 1 0
github.com/evilmartians/lefthook/internal/config/files.go:13.85,15.3 1 0
github.com/evilmartians/lefthook/internal/config/script.go:23.49,24.35 1 0
github.com/evilmartians/lefthook/internal/config/script.go:27.2,27.14 1 0
github.com/evilmartians/lefthook/internal/config/script.go:24.35,26.3 1 0
github.com/evilmartians/lefthook/internal/config/script.go:34.73,35.33 1 1
github.com/evilmartians/lefthook/internal/config/script.go:39.2,39.17 1 1
github.com/evilmartians/lefthook/internal/config/script.go:43.2,43.18 1 1
github.com/evilmartians/lefthook/internal/config/script.go:47.2,49.26 3 1
github.com/evilmartians/lefthook/internal/config/script.go:52.2,52.28 1 1
github.com/evilmartians/lefthook/internal/config/script.go:56.2,57.47 2 1
github.com/evilmartians/lefthook/internal/config/script.go:67.2,70.16 2 1
github.com/evilmartians/lefthook/internal/config/script.go:74.2,75.16 2 1
github.com/evilmartians/lefthook/internal/config/script.go:79.2,79.40 1 1
github.com/evilmartians/lefthook/internal/config/script.go:85.2,85.21 1 1
github.com/evilmartians/lefthook/internal/config/script.go:35.33,37.3 1 0
github.com/evilmartians/lefthook/internal/config/script.go:39.17,41.3 1 1
github.com/evilmartians/lefthook/internal/config/script.go:43.18,45.3 1 0
github.com/evilmartians/lefthook/internal/config/script.go:49.26,51.3 1 0
github.com/evilmartians/lefthook/internal/config/script.go:52.28,54.3 1 0
github.com/evilmartians/lefthook/internal/config/script.go:57.47,60.62 2 1
github.com/evilmartians/lefthook/internal/config/script.go:64.3,64.33 1 1
github.com/evilmartians/lefthook/internal/config/script.go:60.62,62.4 1 0
github.com/evilmartians/lefthook/internal/config/script.go:70.16,72.3 1 0
github.com/evilmartians/lefthook/internal/config/script.go:75.16,77.3 1 0
github.com/evilmartians/lefthook/internal/config/script.go:79.40,80.27 1 1
github.com/evilmartians/lefthook/internal/config/script.go:80.27,82.4 1 1
github.com/evilmartians/lefthook/internal/config/script.go:88.77,89.17 1 1
github.com/evilmartians/lefthook/internal/config/script.go:93.2,94.36 2 1
github.com/evilmartians/lefthook/internal/config/script.go:104.2,104.21 1 1
github.com/evilmartians/lefthook/internal/config/script.go:89.17,91.3 1 1
github.com/evilmartians/lefthook/internal/config/script.go:94.36,97.58 2 1
github.com/evilmartians/lefthook/internal/config/script.go:101.3,101.26 1 1
github.com/evilmartians/lefthook/internal/config/script.go:97.58,99.4 1 0
github.com/evilmartians/lefthook/internal/config/script.go:131.49,132.64 1 1
github.com/evilmartians/lefthook/internal/config/script.go:136.2,136.12 1 1
github.com/evilmartians/lefthook/internal/config/script.go:132.64,134.3 1 0
github.com/evilmartians/lefthook/internal/config/remote.go:9.35,11.2 1 1
github.com/evilmartians/lefthook/internal/config/skip.go:5.57,6.36 1 0
github.com/evilmartians/lefthook/internal/config/skip.go:25.2,25.14 1 0
github.com/evilmartians/lefthook/internal/config/skip.go:7.12,8.20 1 0
github.com/evilmartians/lefthook/internal/config/skip.go:9.14,10.37 1 0
github.com/evilmartians/lefthook/internal/config/skip.go:11.21,12.36 1 0
github.com/evilmartians/lefthook/internal/config/skip.go:12.36,13.38 1 0
github.com/evilmartians/lefthook/internal/config/skip.go:14.16,15.36 1 0
github.com/evilmartians/lefthook/internal/config/skip.go:18.32,19.54 1 0
github.com/evilmartians/lefthook/internal/config/skip.go:15.36,17.6 1 0
github.com/evilmartians/lefthook/internal/config/skip.go:19.54,21.6 1 0
github.com/evilmartians/lefthook/internal/config/available_hooks.go:42.44,44.2 1 0
github.com/evilmartians/lefthook/internal/config/available_hooks.go:46.38,47.38 1 0
github.com/evilmartians/lefthook/internal/config/available_hooks.go:53.2,53.14 1 0
github.com/evilmartians/lefthook/internal/config/available_hooks.go:47.38,48.19 1 0
github.com/evilmartians/lefthook/internal/config/available_hooks.go:48.19,50.4 1 0
github.com/evilmartians/lefthook/internal/config/command.go:30.35,31.37 1 0
github.com/evilmartians/lefthook/internal/config/command.go:35.2,35.12 1 0
github.com/evilmartians/lefthook/internal/config/command.go:31.37,33.3 1 0
github.com/evilmartians/lefthook/internal/config/command.go:38.50,39.35 1 0
github.com/evilmartians/lefthook/internal/config/command.go:42.2,42.14 1 0
github.com/evilmartians/lefthook/internal/config/command.go:39.35,41.3 1 0
github.com/evilmartians/lefthook/internal/config/command.go:49.75,50.33 1 1
github.com/evilmartians/lefthook/internal/config/command.go:54.2,54.17 1 1
github.com/evilmartians/lefthook/internal/config/command.go:58.2,58.18 1 1
github.com/evilmartians/lefthook/internal/config/command.go:62.2,64.27 3 1
github.com/evilmartians/lefthook/internal/config/command.go:67.2,67.29 1 1
github.com/evilmartians/lefthook/internal/config/command.go:71.2,72.48 2 1
github.com/evilmartians/lefthook/internal/config/command.go:87.2,88.16 2 1
github.com/evilmartians/lefthook/internal/config/command.go:92.2,93.16 2 1
github.com/evilmartians/lefthook/internal/config/command.go:97.2,97.40 1 1
github.com/evilmartians/lefthook/internal/config/command.go:103.2,103.22 1 1
github.com/evilmartians/lefthook/internal/config/command.go:50.33,52.3 1 0
github.com/evilmartians/lefthook/internal/config/command.go:54.17,56.3 1 1
github.com/evilmartians/lefthook/internal/config/command.go:58.18,60.3 1 0
github.com/evilmartians/lefthook/internal/config/command.go:64.27,66.3 1 1
github.com/evilmartians/lefthook/internal/config/command.go:67.29,69.3 1 0
github.com/evilmartians/lefthook/internal/config/command.go:72.48,76.26 3 1
github.com/evilmartians/lefthook/internal/config/command.go:80.3,80.58 1 1
github.com/evilmartians/lefthook/internal/config/command.go:84.3,84.30 1 1
github.com/evilmartians/lefthook/internal/config/command.go:76.26,77.12 1 0
github.com/evilmartians/lefthook/internal/config/command.go:80.58,82.4 1 0
github.com/evilmartians/lefthook/internal/config/command.go:88.16,90.3 1 0
github.com/evilmartians/lefthook/internal/config/command.go:93.16,95.3 1 0
github.com/evilmartians/lefthook/internal/config/command.go:97.40,98.24 1 1
github.com/evilmartians/lefthook/internal/config/command.go:98.24,100.4 1 1
github.com/evilmartians/lefthook/internal/config/command.go:106.69,107.14 1 1
github.com/evilmartians/lefthook/internal/config/command.go:111.2,112.47 2 1
github.com/evilmartians/lefthook/internal/config/command.go:116.2,116.22 1 1
github.com/evilmartians/lefthook/internal/config/command.go:107.14,109.3 1 1
github.com/evilmartians/lefthook/internal/config/command.go:112.47,114.3 1 0
github.com/evilmartians/lefthook/internal/config/hook.go:36.33,37.27 1 0
github.com/evilmartians/lefthook/internal/config/hook.go:41.2,41.12 1 0
github.com/evilmartians/lefthook/internal/config/hook.go:37.27,39.3 1 0
github.com/evilmartians/lefthook/internal/config/hook.go:44.48,45.35 1 0
github.com/evilmartians/lefthook/internal/config/hook.go:48.2,48.14 1 0
github.com/evilmartians/lefthook/internal/config/hook.go:45.35,47.3 1 0
github.com/evilmartians/lefthook/internal/config/hook.go:51.62,52.33 1 1
github.com/evilmartians/lefthook/internal/config/hook.go:56.2,57.16 2 1
github.com/evilmartians/lefthook/internal/config/hook.go:61.2,62.16 2 1
github.com/evilmartians/lefthook/internal/config/hook.go:66.2,71.17 2 1
github.com/evilmartians/lefthook/internal/config/hook.go:79.2,79.46 1 1
github.com/evilmartians/lefthook/internal/config/hook.go:83.2,83.55 1 1
github.com/evilmartians/lefthook/internal/config/hook.go:87.2,87.19 1 1
github.com/evilmartians/lefthook/internal/config/hook.go:52.33,54.3 1 1
github.com/evilmartians/lefthook/internal/config/hook.go:57.16,59.3 1 0
github.com/evilmartians/lefthook/internal/config/hook.go:62.16,64.3 1 0
github.com/evilmartians/lefthook/internal/config/hook.go:71.17,73.3 1 1
github.com/evilmartians/lefthook/internal/config/hook.go:73.8,73.25 1 1
github.com/evilmartians/lefthook/internal/config/hook.go:73.25,74.65 1 1
github.com/evilmartians/lefthook/internal/config/hook.go:74.65,76.4 1 0
github.com/evilmartians/lefthook/internal/config/hook.go:79.46,81.3 1 0
github.com/evilmartians/lefthook/internal/config/hook.go:83.55,85.3 1 0
github.com/evilmartians/lefthook/internal/config/load.go:27.63,29.16 2 1
github.com/evilmartians/lefthook/internal/config/load.go:33.2,34.16 2 1
github.com/evilmartians/lefthook/internal/config/load.go:38.2,45.16 6 1
github.com/evilmartians/lefthook/internal/config/load.go:49.2,49.21 1 1
github.com/evilmartians/lefthook/internal/config/load.go:29.16,31.3 1 0
github.com/evilmartians/lefthook/internal/config/load.go:34.16,36.3 1 0
github.com/evilmartians/lefthook/internal/config/load.go:45.16,47.3 1 0
github.com/evilmartians/lefthook/internal/config/load.go:52.72,63.41 8 1
github.com/evilmartians/lefthook/internal/config/load.go:67.2,67.15 1 1
github.com/evilmartians/lefthook/internal/config/load.go:63.41,65.3 1 0
github.com/evilmartians/lefthook/internal/config/load.go:71.72,73.16 2 1
github.com/evilmartians/lefthook/internal/config/load.go:77.2,77.55 1 1
github.com/evilmartians/lefthook/internal/config/load.go:81.2,81.55 1 1
github.com/evilmartians/lefthook/internal/config/load.go:85.2,85.61 1 1
github.com/evilmartians/lefthook/internal/config/load.go:92.2,92.55 1 1
github.com/evilmartians/lefthook/internal/config/load.go:96.2,96.21 1 1
github.com/evilmartians/lefthook/internal/config/load.go:73.16,75.3 1 0
github.com/evilmartians/lefthook/internal/config/load.go:77.55,79.3 1 0
github.com/evilmartians/lefthook/internal/config/load.go:81.55,83.3 1 0
github.com/evilmartians/lefthook/internal/config/load.go:85.61,87.46 2 0
github.com/evilmartians/lefthook/internal/config/load.go:87.46,89.4 1 0
github.com/evilmartians/lefthook/internal/config/load.go:92.55,94.3 1 0
github.com/evilmartians/lefthook/internal/config/load.go:100.75,103.16 3 1
github.com/evilmartians/lefthook/internal/config/load.go:107.2,107.26 1 1
github.com/evilmartians/lefthook/internal/config/load.go:111.2,113.28 3 1
github.com/evilmartians/lefthook/internal/config/load.go:116.2,121.16 4 1
github.com/evilmartians/lefthook/internal/config/load.go:125.2,125.55 1 1
github.com/evilmartians/lefthook/internal/config/load.go:129.2,129.60 1 1
github.com/evilmartians/lefthook/internal/config/load.go:133.2,133.12 1 1
github.com/evilmartians/lefthook/internal/config/load.go:103.16,105.3 1 0
github.com/evilmartians/lefthook/internal/config/load.go:107.26,109.3 1 1
github.com/evilmartians/lefthook/internal/config/load.go:113.28,115.3 1 1
github.com/evilmartians/lefthook/internal/config/load.go:121.16,123.3 1 0
github.com/evilmartians/lefthook/internal/config/load.go:125.55,127.3 1 0
github.com/evilmartians/lefthook/internal/config/load.go:129.60,131.3 1 0
github.com/evilmartians/lefthook/internal/config/load.go:137.48,138.51 1 1
github.com/evilmartians/lefthook/internal/config/load.go:146.2,146.12 1 1
github.com/evilmartians/lefthook/internal/config/load.go:138.51,139.28 1 1
github.com/evilmartians/lefthook/internal/config/load.go:142.3,142.69 1 1
github.com/evilmartians/lefthook/internal/config/load.go:139.28,141.4 1 1
github.com/evilmartians/lefthook/internal/config/load.go:142.69,144.4 1 0
github.com/evilmartians/lefthook/internal/config/load.go:150.53,152.19 2 1
github.com/evilmartians/lefthook/internal/config/load.go:155.2,155.42 1 1
github.com/evilmartians/lefthook/internal/config/load.go:159.2,159.12 1 1
github.com/evilmartians/lefthook/internal/config/load.go:152.19,154.3 1 1
github.com/evilmartians/lefthook/internal/config/load.go:155.42,157.3 1 0
github.com/evilmartians/lefthook/internal/config/load.go:162.66,165.42 2 1
github.com/evilmartians/lefthook/internal/config/load.go:173.2,173.43 1 1
github.com/evilmartians/lefthook/internal/config/load.go:190.2,190.65 1 1
github.com/evilmartians/lefthook/internal/config/load.go:193.2,193.42 1 1
github.com/evilmartians/lefthook/internal/config/load.go:197.2,197.12 1 1
github.com/evilmartians/lefthook/internal/config/load.go:165.42,166.59 1 1
github.com/evilmartians/lefthook/internal/config/load.go:166.59,168.4 1 0
github.com/evilmartians/lefthook/internal/config/load.go:173.43,174.44 1 1
github.com/evilmartians/lefthook/internal/config/load.go:178.3,180.37 3 1
github.com/evilmartians/lefthook/internal/config/load.go:184.3,184.59 1 1
github.com/evilmartians/lefthook/internal/config/load.go:174.44,175.12 1 1
github.com/evilmartians/lefthook/internal/config/load.go:180.37,181.12 1 1
github.com/evilmartians/lefthook/internal/config/load.go:184.59,186.4 1 0
github.com/evilmartians/lefthook/internal/config/load.go:190.65,192.3 1 0
github.com/evilmartians/lefthook/internal/config/load.go:193.42,195.3 1 0
github.com/evilmartians/lefthook/internal/config/load.go:200.74,205.16 4 1
github.com/evilmartians/lefthook/internal/config/load.go:209.2,209.23 1 1
github.com/evilmartians/lefthook/internal/config/load.go:213.2,215.12 2 1
github.com/evilmartians/lefthook/internal/config/load.go:205.16,207.3 1 0
github.com/evilmartians/lefthook/internal/config/load.go:209.23,211.3 1 1
