<?xml version="1.0" encoding="UTF-8"?>
<coverage generated="1693391816">
  <project timestamp="1693391816">
    <file name="/home/yu/projects/PHPCSUtils/PHPCSUtils/AbstractSniffs/AbstractArrayDeclarationSniff.php">
      <class name="PHPCSUtils\AbstractSniffs\AbstractArrayDeclarationSniff" namespace="global">
        <metrics complexity="44" methods="3" coveredmethods="3" conditionals="0" coveredconditionals="0" statements="79" coveredstatements="79" elements="82" coveredelements="82"/>
      </class>
      <line num="178" type="method" name="process" visibility="public" complexity="4" crap="4" count="13"/>
      <line num="181" type="stmt" count="13"/>
      <line num="182" type="stmt" count="1"/>
      <line num="184" type="stmt" count="1"/>
      <line num="187" type="stmt" count="12"/>
      <line num="188" type="stmt" count="12"/>
      <line num="190" type="stmt" count="1"/>
      <line num="193" type="stmt" count="11"/>
      <line num="194" type="stmt" count="11"/>
      <line num="195" type="stmt" count="11"/>
      <line num="196" type="stmt" count="11"/>
      <line num="197" type="stmt" count="11"/>
      <line num="199" type="stmt" count="11"/>
      <line num="200" type="stmt" count="11"/>
      <line num="201" type="stmt" count="2"/>
      <line num="204" type="stmt" count="11"/>
      <line num="207" type="stmt" count="11"/>
      <line num="208" type="stmt" count="11"/>
      <line num="236" type="method" name="processArray" visibility="public" complexity="14" crap="14" count="11"/>
      <line num="238" type="stmt" count="11"/>
      <line num="239" type="stmt" count="1"/>
      <line num="242" type="stmt" count="10"/>
      <line num="243" type="stmt" count="1"/>
      <line num="246" type="stmt" count="9"/>
      <line num="248" type="stmt" count="9"/>
      <line num="249" type="stmt" count="1"/>
      <line num="251" type="stmt" count="1"/>
      <line num="254" type="stmt" count="9"/>
      <line num="255" type="stmt" count="5"/>
      <line num="256" type="stmt" count="1"/>
      <line num="259" type="stmt" count="4"/>
      <line num="260" type="stmt" count="1"/>
      <line num="263" type="stmt" count="3"/>
      <line num="264" type="stmt" count="3"/>
      <line num="267" type="stmt" count="8"/>
      <line num="268" type="stmt" count="1"/>
      <line num="271" type="stmt" count="7"/>
      <line num="272" type="stmt" count="1"/>
      <line num="276" type="stmt" count="7"/>
      <line num="277" type="stmt" count="7"/>
      <line num="278" type="stmt" count="7"/>
      <line num="279" type="stmt" count="1"/>
      <line num="461" type="method" name="getActualArrayKey" visibility="public" complexity="18" crap="18" count="7"/>
      <line num="466" type="stmt" count="7"/>
      <line num="467" type="stmt" count="7"/>
      <line num="469" type="stmt" count="7"/>
      <line num="471" type="stmt" count="7"/>
      <line num="472" type="stmt" count="7"/>
      <line num="473" type="stmt" count="1"/>
      <line num="476" type="stmt" count="7"/>
      <line num="477" type="stmt" count="5"/>
      <line num="478" type="stmt" count="5"/>
      <line num="481" type="stmt" count="7"/>
      <line num="483" type="stmt" count="1"/>
      <line num="487" type="stmt" count="7"/>
      <line num="488" type="stmt" count="3"/>
      <line num="489" type="stmt" count="3"/>
      <line num="490" type="stmt" count="3"/>
      <line num="491" type="stmt" count="3"/>
      <line num="495" type="stmt" count="7"/>
      <line num="496" type="stmt" count="3"/>
      <line num="499" type="stmt" count="3"/>
      <line num="500" type="stmt" count="1"/>
      <line num="503" type="stmt" count="2"/>
      <line num="504" type="stmt" count="2"/>
      <line num="507" type="stmt" count="2"/>
      <line num="508" type="stmt" count="2"/>
      <line num="511" type="stmt" count="5"/>
      <line num="515" type="stmt" count="6"/>
      <line num="522" type="stmt" count="6"/>
      <line num="523" type="stmt" count="6"/>
      <line num="525" type="stmt" count="1"/>
      <line num="527" type="stmt" count="6"/>
      <line num="528" type="stmt" count="2"/>
      <line num="530" type="stmt" count="6"/>
      <line num="531" type="stmt" count="3"/>
      <line num="533" type="stmt" count="6"/>
      <line num="534" type="stmt" count="3"/>
      <line num="536" type="stmt" count="6"/>
      <line num="537" type="stmt" count="6"/>
      <line num="538" type="stmt" count="3"/>
      <line num="541" type="stmt" count="3"/>
      <metrics loc="552" ncloc="237" classes="1" methods="3" coveredmethods="3" conditionals="0" coveredconditionals="0" statements="79" coveredstatements="79" elements="82" coveredelements="82"/>
    </file>
    <file name="/home/yu/projects/PHPCSUtils/PHPCSUtils/BackCompat/BCFile.php">
      <class name="PHPCSUtils\BackCompat\BCFile" namespace="global">
        <metrics complexity="96" methods="13" coveredmethods="13" conditionals="0" coveredconditionals="0" statements="244" coveredstatements="244" elements="257" coveredelements="257"/>
      </class>
      <line num="99" type="method" name="getDeclarationName" visibility="public" complexity="15" crap="15" count="34"/>
      <metrics loc="858" ncloc="400" classes="1" methods="13" coveredmethods="13" conditionals="0" coveredconditionals="0" statements="244" coveredstatements="244" elements="257" coveredelements="257"/>
    </file>
    <metrics files="37" loc="11201" ncloc="5558" classes="36" methods="182" coveredmethods="163" conditionals="0" coveredconditionals="0" statements="2420" coveredstatements="2376" elements="2602" coveredelements="2539"/>
  </project>
</coverage>
