<?xml version="1.0" encoding="UTF-8"?>
<coverage generated="1693312386">
  <project timestamp="1693312386">
    <file name="/home/yu/projects/example-php/calculator/BasicCalculator.php">
      <class name="Calculator\BasicCalculator" namespace="global">
        <metrics complexity="5" methods="4" coveredmethods="3" conditionals="0" coveredconditionals="0" statements="6" coveredstatements="5" elements="10" coveredelements="8"/>
      </class>
      <line num="6" type="method" name="add" visibility="public" complexity="1" crap="1" count="1"/>
      <line num="7" type="stmt" count="1"/>
      <line num="10" type="method" name="subtract" visibility="public" complexity="1" crap="1" count="1"/>
      <line num="11" type="stmt" count="1"/>
      <line num="14" type="method" name="multiply" visibility="public" complexity="1" crap="1" count="1"/>
      <line num="15" type="stmt" count="1"/>
      <line num="18" type="method" name="divide" visibility="public" complexity="2" crap="2.15" count="1"/>
      <line num="19" type="stmt" count="1"/>
      <line num="20" type="stmt" count="0"/>
      <line num="22" type="stmt" count="1"/>
      <metrics loc="25" ncloc="25" classes="1" methods="4" coveredmethods="3" conditionals="0" coveredconditionals="0" statements="6" coveredstatements="5" elements="10" coveredelements="8"/>
    </file>
    <metrics files="1" loc="25" ncloc="25" classes="1" methods="4" coveredmethods="3" conditionals="0" coveredconditionals="0" statements="6" coveredstatements="5" elements="10" coveredelements="8"/>
  </project>
</coverage>
