{
    "RSpec": {
      "coverage": {
        "/Users/nickmerwin/www/coveralls-ruby/lib/coveralls.rb": [
          1,
          1,
          1,
          1,
          1,
          null,
          1,
          1,
          null,
          1,
          1,
          null,
          null,
          null,
          1,
          null,
          1,
          3,
          3,
          null,
          null,
          1,
          1,
          1,
          1,
          1,
          null,
          null,
          1,
          1,
          1,
          1,
          null,
          null,
          1,
          null,
          4,
          4,
          3,
          null,
          1,
          1,
          1,
          null,
          null,
          null,
          null,
          null,
          4,
          3,
          3,
          null,
          1,
          null,
          null,
          null,
          null,
          1,
          4,
          4,
          null,
          4,
          2,
          2,
          1,
          null,
          1,
          null,
          2,
          1,
          1,
          null,
          1,
          1,
          null,
          null,
          null,
          null,
          1,
          null,
          4,
          2,
          2,
          null,
          null,
          2,
          2,
          null,
          null,
          2,
          null,
          null,
          1,
          6,
          6,
          null,
          null,
          1,
          1,
          null,
          null
        ],
        "/Users/nickmerwin/www/coveralls-ruby/lib/coveralls/configuration.rb": [
          1,
          1,
          null,
          1,
          1,
          null,
          1,
          14,
          null,
          null,
          null,
          14,
          14,
          2,
          2,
          null,
          14,
          1,
          null,
          14,
          0,
          null,
          14,
          1,
          null,
          14,
          2,
          12,
          1,
          11,
          1,
          10,
          1,
          9,
          0,
          9,
          0,
          9,
          0,
          9,
          3,
          null,
          null,
          null,
          14,
          null,
          14,
          1,
          null,
          null,
          14,
          null,
          null,
          1,
          4,
          4,
          4,
          4,
          null,
          null,
          1,
          1,
          1,
          1,
          1,
          1,
          null,
          null,
          1,
          1,
          1,
          1,
          null,
          null,
          1,
          1,
          1,
          1,
          1,
          null,
          null,
          1,
          1,
          1,
          1,
          1,
          1,
          1,
          null,
          null,
          1,
          0,
          0,
          0,
          0,
          0,
          0,
          null,
          null,
          1,
          1,
          1,
          1,
          1,
          1,
          null,
          null,
          1,
          3,
          3,
          3,
          null,
          null,
          1,
          10,
          10,
          10,
          10,
          10,
          10,
          null,
          null,
          1,
          12,
          0,
          null,
          null,
          null,
          1,
          24,
          null,
          null,
          1,
          63,
          null,
          null,
          1,
          77,
          null,
          null,
          1,
          14,
          14,
          null,
          null,
          null,
          1,
          14,
          null,
          14,
          null,
          null,
          1,
          15,
          null,
          15,
          null,
          15,
          null,
          null,
          null,
          null,
          null,
          null,
          null,
          null,
          null,
          15,
          null,
          null,
          15,
          15,
          15,
          30,
          30,
          null,
          null,
          null,
          15,
          null,
          null,
          null,
          15,
          null,
          null,
          0,
          0,
          0,
          null,
          null,
          1,
          14,
          null,
          null,
          null,
          null,
          null,
          null,
          14,
          14,
          null,
          null,
          null,
          null,
          2,
          12,
          null,
          null,
          null,
          null,
          1,
          11,
          null,
          null,
          null,
          null,
          null,
          1,
          10,
          null,
          null,
          null,
          1,
          null,
          9,
          null,
          null,
          null,
          14,
          null,
          null,
          null,
          null
        ],
        "/Users/nickmerwin/www/coveralls-ruby/lib/coveralls/api.rb": [
          1,
          1,
          1,
          null,
          1,
          1,
          1,
          0,
          0,
          null,
          1,
          1,
          1,
          null,
          null,
          1,
          null,
          1,
          2,
          null,
          2,
          null,
          2,
          2,
          null,
          2,
          2,
          null,
          2,
          null,
          2,
          null,
          2,
          2,
          null,
          null,
          2,
          0,
          null,
          null,
          2,
          null,
          0,
          null,
          0,
          null,
          null,
          null,
          1,
          null,
          1,
          2,
          2,
          null,
          2,
          2,
          null,
          null,
          null,
          2,
          2,
          null,
          2,
          2,
          null,
          0,
          null,
          null,
          null,
          1,
          2,
          null,
          null,
          1,
          2,
          2,
          2,
          null,
          2,
          0,
          null,
          null,
          2,
          null,
          2,
          null,
          null,
          1,
          2,
          2,
          null,
          2,
          2,
          null,
          2,
          null,
          null,
          1,
          2,
          2,
          null,
          null,
          null,
          null,
          null,
          2,
          null,
          null,
          1,
          2,
          2,
          2,
          2,
          null,
          2,
          null,
          null,
          1,
          2,
          2,
          2,
          2,
          2,
          null,
          2,
          null,
          null,
          null
        ],
        "/Users/nickmerwin/www/coveralls-ruby/lib/coveralls/output.rb": [
          1,
          null,
          null,
          null,
          null,
          null,
          null,
          null,
          null,
          null,
          null,
          null,
          null,
          null,
          null,
          null,
          null,
          null,
          null,
          null,
          null,
          null,
          null,
          null,
          null,
          null,
          null,
          null,
          null,
          null,
          null,
          null,
          null,
          1,
          1,
          1,
          1,
          null,
          1,
          17,
          null,
          null,
          1,
          24,
          null,
          null,
          null,
          null,
          null,
          null,
          null,
          null,
          null,
          null,
          null,
          null,
          null,
          null,
          null,
          null,
          1,
          24,
          23,
          23,
          17,
          18,
          17,
          null,
          null,
          null,
          null,
          24,
          null,
          null,
          null,
          null,
          null,
          null,
          null,
          null,
          null,
          null,
          null,
          null,
          null,
          null,
          null,
          1,
          38,
          18,
          null,
          null,
          null,
          null,
          null,
          null,
          null,
          null,
          null,
          null,
          null,
          null,
          null,
          null,
          1,
          30,
          1,
          null,
          null,
          1,
          68,
          null,
          null,
          null
        ],
        "/Users/nickmerwin/www/coveralls-ruby/lib/coveralls/simplecov.rb": [
          1,
          1,
          1,
          null,
          1,
          null,
          2,
          1,
          null,
          1,
          null,
          2,
          7,
          7,
          7,
          7,
          7,
          2,
          5,
          1,
          null,
          4,
          null,
          7,
          null,
          2,
          null,
          null,
          1,
          null,
          3,
          3,
          14,
          null,
          null,
          14,
          null,
          null,
          14,
          null,
          null,
          14,
          null,
          null,
          14,
          148,
          null,
          null,
          14,
          null,
          3,
          null,
          null,
          1,
          null,
          3,
          1,
          1,
          null,
          1,
          null,
          null,
          null,
          2,
          null,
          null,
          null,
          null,
          2,
          null,
          2,
          null,
          null,
          0,
          null,
          null,
          1,
          1,
          1,
          1,
          null,
          0,
          1,
          1,
          0,
          null,
          1,
          null,
          null,
          1,
          2,
          null,
          null,
          1,
          21,
          21,
          null,
          null,
          null,
          null,
          null
        ]
      },
      "timestamp": 1599152754
    }
  }
  