<?xml version="1.0" encoding="UTF-8" standalone="yes"?>
<!DOCTYPE report PUBLIC "-//JACOCO//DTD Report 1.1//EN" "report.dtd">
<report name="jacocoDemo">
  <sessioninfo id="hp-574b05e6" start="1678184219961" dump="1678184220155"/>
  <package name="com/jacocodemo/examples">
    <class name="com/jacocodemo/examples/MessageBuilder" sourcefilename="MessageBuilder.java">
      <method name="&lt;init&gt;" desc="()V" line="3">
        <counter type="INSTRUCTION" missed="0" covered="3"/>
        <counter type="LINE" missed="0" covered="1"/>
        <counter type="COMPLEXITY" missed="0" covered="1"/>
        <counter type="METHOD" missed="0" covered="1"/>
      </method>
      <method name="getMessage" desc="(Ljava/lang/String;)Ljava/lang/String;" line="7">
        <counter type="INSTRUCTION" missed="5" covered="24"/>
        <counter type="BRANCH" missed="2" covered="2"/>
        <counter type="LINE" missed="1" covered="4"/>
        <counter type="COMPLEXITY" missed="2" covered="1"/>
        <counter type="METHOD" missed="0" covered="1"/>
      </method>
      <counter type="INSTRUCTION" missed="5" covered="27"/>
      <counter type="BRANCH" missed="2" covered="2"/>
      <counter type="LINE" missed="1" covered="5"/>
      <counter type="COMPLEXITY" missed="2" covered="2"/>
      <counter type="METHOD" missed="0" covered="2"/>
      <counter type="CLASS" missed="0" covered="1"/>
    </class>
    <sourcefile name="MessageBuilder.java">
      <line nr="3" mi="0" ci="3" mb="0" cb="0"/>
      <line nr="7" mi="0" ci="4" mb="0" cb="0"/>
      <line nr="9" mi="0" ci="6" mb="2" cb="2"/>
      <line nr="11" mi="5" ci="0" mb="0" cb="0"/>
      <line nr="15" mi="0" ci="11" mb="0" cb="0"/>
      <line nr="18" mi="0" ci="3" mb="0" cb="0"/>
      <counter type="INSTRUCTION" missed="5" covered="27"/>
      <counter type="BRANCH" missed="2" covered="2"/>
      <counter type="LINE" missed="1" covered="5"/>
      <counter type="COMPLEXITY" missed="2" covered="2"/>
      <counter type="METHOD" missed="0" covered="2"/>
      <counter type="CLASS" missed="0" covered="1"/>
    </sourcefile>
    <sourcefile name="Info.java">
    </sourcefile>
    <counter type="INSTRUCTION" missed="5" covered="27"/>
    <counter type="BRANCH" missed="2" covered="2"/>
    <counter type="LINE" missed="1" covered="5"/>
    <counter type="COMPLEXITY" missed="2" covered="2"/>
    <counter type="METHOD" missed="0" covered="2"/>
    <counter type="CLASS" missed="0" covered="1"/>
  </package>
  <counter type="INSTRUCTION" missed="5" covered="27"/>
  <counter type="BRANCH" missed="2" covered="2"/>
  <counter type="LINE" missed="1" covered="5"/>
  <counter type="COMPLEXITY" missed="2" covered="2"/>
  <counter type="METHOD" missed="0" covered="2"/>
  <counter type="CLASS" missed="0" covered="1"/>
</report>
